<?xml version="1.0" encoding="UTF-8"?>
<!-- Generated by org.testng.reporters.JUnitReportReporter -->
<testsuite skipped="0" hostname="DESKTOP-9UV5T45" name="demoTesting_Asserts_Phase4.Demo2" tests="1" failures="0" timestamp="2019-11-25T14:41:53 IST" time="26.243" errors="0">
  <testcase name="testB" time="26.243" classname="demoTesting_Asserts_Phase4.Demo2"/>
</testsuite> <!-- demoTesting_Asserts_Phase4.Demo2 -->
