<?xml version="1.0" encoding="UTF-8"?>
<!-- Generated by org.testng.reporters.JUnitReportReporter -->
<testsuite skipped="0" hostname="DESKTOP-9UV5T45" name="demoTesting_Asserts_Phase4.Demo4" tests="1" failures="0" timestamp="2019-11-25T14:48:45 IST" time="25.345" errors="0">
  <testcase name="testA" time="25.345" classname="demoTesting_Asserts_Phase4.Demo4"/>
</testsuite> <!-- demoTesting_Asserts_Phase4.Demo4 -->
