<?xml version="1.0" encoding="UTF-8"?>
<!-- Generated by org.testng.reporters.JUnitReportReporter -->
<testsuite skipped="0" hostname="DESKTOP-9UV5T45" name="demoTesting_Asserts_Phase4.Demo1" tests="1" failures="0" timestamp="2019-11-25T14:35:27 IST" time="18.900" errors="0">
  <testcase name="testB" time="18.900" classname="demoTesting_Asserts_Phase4.Demo1"/>
</testsuite> <!-- demoTesting_Asserts_Phase4.Demo1 -->
