<?xml version="1.0" encoding="UTF-8"?>
<!-- Generated by org.testng.reporters.JUnitReportReporter -->
<testsuite skipped="0" hostname="DESKTOP-9UV5T45" name="demoTesting_Phase2.Demo1" tests="1" failures="0" timestamp="2019-11-24T18:11:08 IST" time="0.005" errors="0">
  <testcase name="testB" time="0.005" classname="demoTesting_Phase2.Demo1"/>
</testsuite> <!-- demoTesting_Phase2.Demo1 -->
