<?xml version="1.0" encoding="UTF-8"?>
<!-- Generated by org.testng.reporters.JUnitReportReporter -->
<testsuite skipped="1" hostname="DESKTOP-9UV5T45" name="DemoTesting.Demo3" tests="3" failures="0" timestamp="2019-11-24T17:15:43 IST" time="0.015" errors="0">
  <testcase name="testF" time="0.000" classname="DemoTesting.Demo3"/>
  <testcase name="testD" time="0.015" classname="DemoTesting.Demo3"/>
  <testcase name="testE" classname="DemoTesting.Demo3">
    <skipped/>
  </testcase> <!-- testE -->
</testsuite> <!-- DemoTesting.Demo3 -->
