<?xml version="1.0" encoding="UTF-8"?>
<!-- Generated by org.testng.reporters.JUnitReportReporter -->
<testsuite skipped="0" hostname="DESKTOP-9UV5T45" name="demoTesting_Asserts_Phase4.Demo" tests="1" failures="0" timestamp="2019-11-25T14:29:43 IST" time="18.165" errors="0">
  <testcase name="testA" time="18.165" classname="demoTesting_Asserts_Phase4.Demo"/>
</testsuite> <!-- demoTesting_Asserts_Phase4.Demo -->
