<?xml version="1.0" encoding="UTF-8"?>
<!-- Generated by org.testng.reporters.JUnitReportReporter -->
<testsuite skipped="0" hostname="DESKTOP-9UV5T45" name="DemoTesting.Demo1" tests="1" failures="0" timestamp="2019-11-24T16:52:41 IST" time="0.002" errors="0">
  <testcase name="testA" time="0.002" classname="DemoTesting.Demo1"/>
</testsuite> <!-- DemoTesting.Demo1 -->
