<?xml version="1.0" encoding="UTF-8"?>
<!-- Generated by org.testng.reporters.JUnitReportReporter -->
<testsuite skipped="0" hostname="DESKTOP-9UV5T45" name="DemoTesting.Demo2" tests="3" failures="0" timestamp="2019-11-24T17:10:06 IST" time="0.018" errors="0">
  <testcase name="testA" time="0.013" classname="DemoTesting.Demo2"/>
  <testcase name="testC" time="0.005" classname="DemoTesting.Demo2"/>
  <testcase name="testB" time="0.000" classname="DemoTesting.Demo2"/>
</testsuite> <!-- DemoTesting.Demo2 -->
