<?xml version="1.0" encoding="UTF-8"?>
<!-- Generated by org.testng.reporters.JUnitReportReporter -->
<testsuite skipped="0" hostname="DESKTOP-9UV5T45" name="DemoTesting.Demo" tests="12" failures="0" timestamp="2019-11-24T16:52:41 IST" time="0.040" errors="0">
  <testcase name="demoB" time="0.016" classname="DemoTesting.Demo"/>
  <testcase name="demoA" time="0.000" classname="DemoTesting.Demo"/>
  <testcase name="demoA" time="0.002" classname="DemoTesting.Demo"/>
  <testcase name="demoA" time="0.000" classname="DemoTesting.Demo"/>
  <testcase name="demoA" time="0.002" classname="DemoTesting.Demo"/>
  <testcase name="demoA" time="0.008" classname="DemoTesting.Demo"/>
  <testcase name="demoA" time="0.002" classname="DemoTesting.Demo"/>
  <testcase name="demoA" time="0.000" classname="DemoTesting.Demo"/>
  <testcase name="demoA" time="0.008" classname="DemoTesting.Demo"/>
  <testcase name="demoA" time="0.000" classname="DemoTesting.Demo"/>
  <testcase name="demoA" time="0.000" classname="DemoTesting.Demo"/>
  <testcase name="demoC" time="0.002" classname="DemoTesting.Demo"/>
</testsuite> <!-- DemoTesting.Demo -->
