<?xml version="1.0" encoding="UTF-8"?>
<!-- Generated by org.testng.reporters.JUnitReportReporter -->
<testsuite skipped="0" hostname="DESKTOP-9UV5T45" name="demoTesting_Phase3.Demo" tests="3" failures="0" timestamp="2019-11-25T08:36:15 IST" time="0.024" errors="0">
  <testcase name="demoA" time="0.019" classname="demoTesting_Phase3.Demo"/>
  <testcase name="demoB" time="0.003" classname="demoTesting_Phase3.Demo"/>
  <testcase name="demoC" time="0.002" classname="demoTesting_Phase3.Demo"/>
</testsuite> <!-- demoTesting_Phase3.Demo -->
