<?xml version="1.0" encoding="UTF-8"?>
<!-- Generated by org.testng.reporters.JUnitReportReporter -->
<testsuite skipped="0" hostname="DESKTOP-9UV5T45" name="demoTesting_Phase2.Demo" tests="2" failures="0" timestamp="2019-11-24T18:11:08 IST" time="0.013" errors="0">
  <testcase name="demoA" time="0.009" classname="demoTesting_Phase2.Demo"/>
  <testcase name="demoB" time="0.004" classname="demoTesting_Phase2.Demo"/>
</testsuite> <!-- demoTesting_Phase2.Demo -->
